::1 - - [16/Apr/2025:13:48:11 +0000] "POST /login HTTP/1.1" 200 215 "-" "Apidog/1.0.0 (https://apidog.com)"
::1 - - [16/Apr/2025:13:48:23 +0000] "POST /new-vehicle HTTP/1.1" 201 179 "-" "Apidog/1.0.0 (https://apidog.com)"
::1 - - [17/Apr/2025:18:29:59 +0000] "POST /login HTTP/1.1" 200 215 "http://localhost:3000/" "Mozilla/5.0 (Windows NT 10.0; Win64; x64) AppleWebKit/537.36 (KHTML, like Gecko) electron/1.0.0 Chrome/130.0.6723.170 Electron/33.3.1 Safari/537.36"
::1 - - [17/Apr/2025:19:05:09 +0000] "POST /login HTTP/1.1" 200 240 "http://localhost:3000/" "Mozilla/5.0 (Windows NT 10.0; Win64; x64) AppleWebKit/537.36 (KHTML, like Gecko) electron/1.0.0 Chrome/130.0.6723.170 Electron/33.3.1 Safari/537.36"
::1 - - [17/Apr/2025:19:07:30 +0000] "POST /login HTTP/1.1" 200 240 "http://localhost:3000/" "Mozilla/5.0 (Windows NT 10.0; Win64; x64) AppleWebKit/537.36 (KHTML, like Gecko) electron/1.0.0 Chrome/130.0.6723.170 Electron/33.3.1 Safari/537.36"
::1 - - [17/Apr/2025:19:07:57 +0000] "POST /login HTTP/1.1" 200 240 "http://localhost:3000/" "Mozilla/5.0 (Windows NT 10.0; Win64; x64) AppleWebKit/537.36 (KHTML, like Gecko) electron/1.0.0 Chrome/130.0.6723.170 Electron/33.3.1 Safari/537.36"
::1 - - [17/Apr/2025:19:11:48 +0000] "POST /login HTTP/1.1" 200 241 "http://localhost:3000/" "Mozilla/5.0 (Windows NT 10.0; Win64; x64) AppleWebKit/537.36 (KHTML, like Gecko) electron/1.0.0 Chrome/130.0.6723.170 Electron/33.3.1 Safari/537.36"
::1 - - [17/Apr/2025:19:12:44 +0000] "POST /login HTTP/1.1" 200 241 "http://localhost:3000/" "Mozilla/5.0 (Windows NT 10.0; Win64; x64) AppleWebKit/537.36 (KHTML, like Gecko) electron/1.0.0 Chrome/130.0.6723.170 Electron/33.3.1 Safari/537.36"
::1 - - [17/Apr/2025:19:13:03 +0000] "POST /login HTTP/1.1" 200 241 "http://localhost:3000/" "Mozilla/5.0 (Windows NT 10.0; Win64; x64) AppleWebKit/537.36 (KHTML, like Gecko) electron/1.0.0 Chrome/130.0.6723.170 Electron/33.3.1 Safari/537.36"
::1 - - [17/Apr/2025:19:13:40 +0000] "POST /login HTTP/1.1" 200 241 "http://localhost:3000/" "Mozilla/5.0 (Windows NT 10.0; Win64; x64) AppleWebKit/537.36 (KHTML, like Gecko) electron/1.0.0 Chrome/130.0.6723.170 Electron/33.3.1 Safari/537.36"
::1 - - [17/Apr/2025:19:13:56 +0000] "POST /login HTTP/1.1" 200 241 "http://localhost:3000/" "Mozilla/5.0 (Windows NT 10.0; Win64; x64) AppleWebKit/537.36 (KHTML, like Gecko) electron/1.0.0 Chrome/130.0.6723.170 Electron/33.3.1 Safari/537.36"
::1 - - [17/Apr/2025:19:22:43 +0000] "POST /login HTTP/1.1" 200 241 "http://localhost:3000/" "Mozilla/5.0 (Windows NT 10.0; Win64; x64) AppleWebKit/537.36 (KHTML, like Gecko) electron/1.0.0 Chrome/130.0.6723.170 Electron/33.3.1 Safari/537.36"
::1 - - [17/Apr/2025:19:23:24 +0000] "POST /login HTTP/1.1" 200 241 "http://localhost:3000/" "Mozilla/5.0 (Windows NT 10.0; Win64; x64) AppleWebKit/537.36 (KHTML, like Gecko) electron/1.0.0 Chrome/130.0.6723.170 Electron/33.3.1 Safari/537.36"
::1 - - [17/Apr/2025:19:24:37 +0000] "POST /login HTTP/1.1" 200 241 "http://localhost:3000/" "Mozilla/5.0 (Windows NT 10.0; Win64; x64) AppleWebKit/537.36 (KHTML, like Gecko) electron/1.0.0 Chrome/130.0.6723.170 Electron/33.3.1 Safari/537.36"
::1 - - [17/Apr/2025:19:24:50 +0000] "POST /login HTTP/1.1" 200 241 "http://localhost:3000/" "Mozilla/5.0 (Windows NT 10.0; Win64; x64) AppleWebKit/537.36 (KHTML, like Gecko) electron/1.0.0 Chrome/130.0.6723.170 Electron/33.3.1 Safari/537.36"
::1 - - [17/Apr/2025:19:26:53 +0000] "POST /login HTTP/1.1" 200 241 "http://localhost:3000/" "Mozilla/5.0 (Windows NT 10.0; Win64; x64) AppleWebKit/537.36 (KHTML, like Gecko) electron/1.0.0 Chrome/130.0.6723.170 Electron/33.3.1 Safari/537.36"
::1 - - [17/Apr/2025:19:29:09 +0000] "POST /login HTTP/1.1" 200 241 "-" "Apidog/1.0.0 (https://apidog.com)"
::1 - - [17/Apr/2025:19:31:03 +0000] "POST /login HTTP/1.1" 200 241 "http://localhost:3000/" "Mozilla/5.0 (Windows NT 10.0; Win64; x64) AppleWebKit/537.36 (KHTML, like Gecko) electron/1.0.0 Chrome/130.0.6723.170 Electron/33.3.1 Safari/537.36"
::1 - - [22/Apr/2025:13:24:55 +0000] "POST /login HTTP/1.1" 200 241 "http://localhost:3000/" "Mozilla/5.0 (Windows NT 10.0; Win64; x64) AppleWebKit/537.36 (KHTML, like Gecko) electron/1.0.0 Chrome/130.0.6723.170 Electron/33.3.1 Safari/537.36"
::1 - - [22/Apr/2025:14:13:48 +0000] "POST /login HTTP/1.1" 200 240 "http://localhost:3000/" "Mozilla/5.0 (Windows NT 10.0; Win64; x64) AppleWebKit/537.36 (KHTML, like Gecko) electron/1.0.0 Chrome/130.0.6723.170 Electron/33.3.1 Safari/537.36"
::1 - - [22/Apr/2025:14:24:34 +0000] "POST /login HTTP/1.1" 200 240 "http://localhost:3000/" "Mozilla/5.0 (Windows NT 10.0; Win64; x64) AppleWebKit/537.36 (KHTML, like Gecko) electron/1.0.0 Chrome/130.0.6723.170 Electron/33.3.1 Safari/537.36"
::1 - - [22/Apr/2025:14:24:41 +0000] "POST /login HTTP/1.1" 200 240 "http://localhost:3000/" "Mozilla/5.0 (Windows NT 10.0; Win64; x64) AppleWebKit/537.36 (KHTML, like Gecko) electron/1.0.0 Chrome/130.0.6723.170 Electron/33.3.1 Safari/537.36"
::1 - - [22/Apr/2025:14:24:54 +0000] "POST /login HTTP/1.1" 200 240 "http://localhost:3000/" "Mozilla/5.0 (Windows NT 10.0; Win64; x64) AppleWebKit/537.36 (KHTML, like Gecko) electron/1.0.0 Chrome/130.0.6723.170 Electron/33.3.1 Safari/537.36"
::1 - - [22/Apr/2025:14:27:05 +0000] "POST /login HTTP/1.1" 200 240 "http://localhost:3000/" "Mozilla/5.0 (Windows NT 10.0; Win64; x64) AppleWebKit/537.36 (KHTML, like Gecko) electron/1.0.0 Chrome/130.0.6723.170 Electron/33.3.1 Safari/537.36"
::1 - - [22/Apr/2025:14:27:18 +0000] "POST /login HTTP/1.1" 200 240 "http://localhost:3000/" "Mozilla/5.0 (Windows NT 10.0; Win64; x64) AppleWebKit/537.36 (KHTML, like Gecko) electron/1.0.0 Chrome/130.0.6723.170 Electron/33.3.1 Safari/537.36"
::1 - - [22/Apr/2025:14:27:50 +0000] "POST /login HTTP/1.1" 200 240 "http://localhost:3000/" "Mozilla/5.0 (Windows NT 10.0; Win64; x64) AppleWebKit/537.36 (KHTML, like Gecko) electron/1.0.0 Chrome/130.0.6723.170 Electron/33.3.1 Safari/537.36"
::1 - - [22/Apr/2025:14:28:18 +0000] "POST /login HTTP/1.1" 200 240 "http://localhost:3000/" "Mozilla/5.0 (Windows NT 10.0; Win64; x64) AppleWebKit/537.36 (KHTML, like Gecko) electron/1.0.0 Chrome/130.0.6723.170 Electron/33.3.1 Safari/537.36"
::1 - - [22/Apr/2025:14:28:51 +0000] "POST /login HTTP/1.1" 200 240 "http://localhost:3000/" "Mozilla/5.0 (Windows NT 10.0; Win64; x64) AppleWebKit/537.36 (KHTML, like Gecko) electron/1.0.0 Chrome/130.0.6723.170 Electron/33.3.1 Safari/537.36"
::1 - - [22/Apr/2025:14:30:00 +0000] "POST /login HTTP/1.1" 200 240 "http://localhost:3000/" "Mozilla/5.0 (Windows NT 10.0; Win64; x64) AppleWebKit/537.36 (KHTML, like Gecko) electron/1.0.0 Chrome/130.0.6723.170 Electron/33.3.1 Safari/537.36"
::1 - - [22/Apr/2025:14:48:19 +0000] "POST /login HTTP/1.1" 200 240 "http://localhost:3000/" "Mozilla/5.0 (Windows NT 10.0; Win64; x64) AppleWebKit/537.36 (KHTML, like Gecko) electron/1.0.0 Chrome/130.0.6723.170 Electron/33.3.1 Safari/537.36"
::1 - - [22/Apr/2025:14:51:38 +0000] "POST /login HTTP/1.1" 200 240 "http://localhost:3000/" "Mozilla/5.0 (Windows NT 10.0; Win64; x64) AppleWebKit/537.36 (KHTML, like Gecko) electron/1.0.0 Chrome/130.0.6723.170 Electron/33.3.1 Safari/537.36"
::1 - - [22/Apr/2025:14:55:57 +0000] "POST /login HTTP/1.1" 200 241 "http://localhost:3000/" "Mozilla/5.0 (Windows NT 10.0; Win64; x64) AppleWebKit/537.36 (KHTML, like Gecko) electron/1.0.0 Chrome/130.0.6723.170 Electron/33.3.1 Safari/537.36"
::1 - - [22/Apr/2025:17:20:08 +0000] "POST /login HTTP/1.1" 200 241 "http://localhost:3000/" "Mozilla/5.0 (Windows NT 10.0; Win64; x64) AppleWebKit/537.36 (KHTML, like Gecko) electron/1.0.0 Chrome/130.0.6723.170 Electron/33.3.1 Safari/537.36"
::1 - - [22/Apr/2025:17:31:02 +0000] "POST /login HTTP/1.1" 200 240 "http://localhost:3000/" "Mozilla/5.0 (Windows NT 10.0; Win64; x64) AppleWebKit/537.36 (KHTML, like Gecko) electron/1.0.0 Chrome/130.0.6723.170 Electron/33.3.1 Safari/537.36"
::1 - - [22/Apr/2025:17:43:20 +0000] "POST /login HTTP/1.1" 200 241 "http://localhost:3000/" "Mozilla/5.0 (Windows NT 10.0; Win64; x64) AppleWebKit/537.36 (KHTML, like Gecko) electron/1.0.0 Chrome/130.0.6723.170 Electron/33.3.1 Safari/537.36"
::1 - - [22/Apr/2025:18:12:32 +0000] "POST /login HTTP/1.1" 200 241 "http://localhost:3000/" "Mozilla/5.0 (Windows NT 10.0; Win64; x64) AppleWebKit/537.36 (KHTML, like Gecko) electron/1.0.0 Chrome/130.0.6723.170 Electron/33.3.1 Safari/537.36"
::1 - - [22/Apr/2025:18:29:27 +0000] "POST /login HTTP/1.1" 200 240 "http://localhost:3000/" "Mozilla/5.0 (Windows NT 10.0; Win64; x64) AppleWebKit/537.36 (KHTML, like Gecko) electron/1.0.0 Chrome/130.0.6723.170 Electron/33.3.1 Safari/537.36"
::1 - - [22/Apr/2025:18:29:39 +0000] "POST /login HTTP/1.1" 200 240 "http://localhost:3000/" "Mozilla/5.0 (Windows NT 10.0; Win64; x64) AppleWebKit/537.36 (KHTML, like Gecko) electron/1.0.0 Chrome/130.0.6723.170 Electron/33.3.1 Safari/537.36"
::1 - - [22/Apr/2025:18:29:52 +0000] "POST /login HTTP/1.1" 200 240 "http://localhost:3000/" "Mozilla/5.0 (Windows NT 10.0; Win64; x64) AppleWebKit/537.36 (KHTML, like Gecko) electron/1.0.0 Chrome/130.0.6723.170 Electron/33.3.1 Safari/537.36"
::1 - - [22/Apr/2025:18:46:13 +0000] "POST /login HTTP/1.1" 200 241 "http://localhost:3000/" "Mozilla/5.0 (Windows NT 10.0; Win64; x64) AppleWebKit/537.36 (KHTML, like Gecko) electron/1.0.0 Chrome/130.0.6723.170 Electron/33.3.1 Safari/537.36"
::1 - - [23/Apr/2025:19:17:47 +0000] "POST /login HTTP/1.1" 200 240 "http://localhost:3000/" "Mozilla/5.0 (Windows NT 10.0; Win64; x64) AppleWebKit/537.36 (KHTML, like Gecko) electron/1.0.0 Chrome/130.0.6723.170 Electron/33.3.1 Safari/537.36"
::1 - - [24/Apr/2025:12:47:51 +0000] "POST /login HTTP/1.1" 200 240 "http://localhost:3000/" "Mozilla/5.0 (Windows NT 10.0; Win64; x64) AppleWebKit/537.36 (KHTML, like Gecko) electron/1.0.0 Chrome/130.0.6723.170 Electron/33.3.1 Safari/537.36"
::1 - - [24/Apr/2025:13:38:04 +0000] "GET /read-products HTTP/1.1" 500 38 "-" "Apidog/1.0.0 (https://apidog.com)"
::1 - - [24/Apr/2025:13:41:22 +0000] "GET /read-products HTTP/1.1" 500 38 "-" "Apidog/1.0.0 (https://apidog.com)"
::1 - - [24/Apr/2025:13:42:43 +0000] "GET /read-products HTTP/1.1" 500 38 "-" "Apidog/1.0.0 (https://apidog.com)"
::1 - - [24/Apr/2025:13:43:17 +0000] "GET /read-products HTTP/1.1" 500 38 "-" "Apidog/1.0.0 (https://apidog.com)"
::1 - - [24/Apr/2025:13:43:34 +0000] "GET /read-products HTTP/1.1" 500 38 "-" "Apidog/1.0.0 (https://apidog.com)"
::1 - - [24/Apr/2025:13:44:00 +0000] "GET /read-products HTTP/1.1" 500 38 "-" "Apidog/1.0.0 (https://apidog.com)"
::1 - - [24/Apr/2025:13:44:02 +0000] "GET /read-products HTTP/1.1" 500 38 "-" "Apidog/1.0.0 (https://apidog.com)"
::1 - - [24/Apr/2025:13:45:09 +0000] "GET /read-products HTTP/1.1" 200 66148 "-" "Apidog/1.0.0 (https://apidog.com)"
::1 - - [24/Apr/2025:13:46:33 +0000] "GET /read-products?segment=%22CERVEJA%22 HTTP/1.1" 404 39 "-" "Apidog/1.0.0 (https://apidog.com)"
::1 - - [24/Apr/2025:13:46:42 +0000] "GET /read-products?segment=CERVEJA HTTP/1.1" 200 9912 "-" "Apidog/1.0.0 (https://apidog.com)"
::1 - - [24/Apr/2025:13:46:51 +0000] "GET /read-products?segment=cerveja HTTP/1.1" 404 39 "-" "Apidog/1.0.0 (https://apidog.com)"
::1 - - [24/Apr/2025:13:46:58 +0000] "GET /read-products?segment=CERVEJA HTTP/1.1" 200 9912 "-" "Apidog/1.0.0 (https://apidog.com)"
::1 - - [24/Apr/2025:13:47:20 +0000] "GET /read-products?segment=CERVEJA&supplier=AMBEV HTTP/1.1" 200 2637 "-" "Apidog/1.0.0 (https://apidog.com)"
::1 - - [24/Apr/2025:17:17:38 +0000] "POST /login HTTP/1.1" 200 240 "http://localhost:3000/" "Mozilla/5.0 (Windows NT 10.0; Win64; x64) AppleWebKit/537.36 (KHTML, like Gecko) electron/1.0.0 Chrome/130.0.6723.170 Electron/33.3.1 Safari/537.36"
::1 - - [24/Apr/2025:17:54:08 +0000] "GET /products?nome=&segment=&status= HTTP/1.1" 404 147 "http://localhost:3000/" "Mozilla/5.0 (Windows NT 10.0; Win64; x64) AppleWebKit/537.36 (KHTML, like Gecko) electron/1.0.0 Chrome/130.0.6723.170 Electron/33.3.1 Safari/537.36"
::1 - - [24/Apr/2025:17:54:08 +0000] "GET /products?nome=&segment=&status= HTTP/1.1" 404 147 "http://localhost:3000/" "Mozilla/5.0 (Windows NT 10.0; Win64; x64) AppleWebKit/537.36 (KHTML, like Gecko) electron/1.0.0 Chrome/130.0.6723.170 Electron/33.3.1 Safari/537.36"
::1 - - [24/Apr/2025:17:58:07 +0000] "GET /products?nome=&segment=&status= HTTP/1.1" 404 147 "http://localhost:3000/" "Mozilla/5.0 (Windows NT 10.0; Win64; x64) AppleWebKit/537.36 (KHTML, like Gecko) electron/1.0.0 Chrome/130.0.6723.170 Electron/33.3.1 Safari/537.36"
::1 - - [24/Apr/2025:17:58:07 +0000] "GET /products?nome=&segment=&status= HTTP/1.1" 404 147 "http://localhost:3000/" "Mozilla/5.0 (Windows NT 10.0; Win64; x64) AppleWebKit/537.36 (KHTML, like Gecko) electron/1.0.0 Chrome/130.0.6723.170 Electron/33.3.1 Safari/537.36"
::1 - - [24/Apr/2025:17:58:12 +0000] "GET /products?nome=&segment=&status= HTTP/1.1" 404 147 "http://localhost:3000/" "Mozilla/5.0 (Windows NT 10.0; Win64; x64) AppleWebKit/537.36 (KHTML, like Gecko) electron/1.0.0 Chrome/130.0.6723.170 Electron/33.3.1 Safari/537.36"
::1 - - [24/Apr/2025:17:58:12 +0000] "GET /products?nome=&segment=&status= HTTP/1.1" 404 147 "http://localhost:3000/" "Mozilla/5.0 (Windows NT 10.0; Win64; x64) AppleWebKit/537.36 (KHTML, like Gecko) electron/1.0.0 Chrome/130.0.6723.170 Electron/33.3.1 Safari/537.36"
::1 - - [24/Apr/2025:17:58:48 +0000] "GET /products?nome=&segment=&status= HTTP/1.1" 404 147 "http://localhost:3000/" "Mozilla/5.0 (Windows NT 10.0; Win64; x64) AppleWebKit/537.36 (KHTML, like Gecko) electron/1.0.0 Chrome/130.0.6723.170 Electron/33.3.1 Safari/537.36"
::1 - - [24/Apr/2025:17:59:31 +0000] "GET /products?nome=&segment=&status= HTTP/1.1" 404 147 "http://localhost:3000/" "Mozilla/5.0 (Windows NT 10.0; Win64; x64) AppleWebKit/537.36 (KHTML, like Gecko) electron/1.0.0 Chrome/130.0.6723.170 Electron/33.3.1 Safari/537.36"
::1 - - [24/Apr/2025:17:59:35 +0000] "GET /products?nome=&segment=&status= HTTP/1.1" 404 147 "http://localhost:3000/" "Mozilla/5.0 (Windows NT 10.0; Win64; x64) AppleWebKit/537.36 (KHTML, like Gecko) electron/1.0.0 Chrome/130.0.6723.170 Electron/33.3.1 Safari/537.36"
::1 - - [24/Apr/2025:18:00:04 +0000] "GET /products?nome=&segment=&status= HTTP/1.1" 404 147 "http://localhost:3000/" "Mozilla/5.0 (Windows NT 10.0; Win64; x64) AppleWebKit/537.36 (KHTML, like Gecko) electron/1.0.0 Chrome/130.0.6723.170 Electron/33.3.1 Safari/537.36"
::1 - - [24/Apr/2025:18:00:12 +0000] "GET /products?nome=&segment=&status= HTTP/1.1" 404 147 "http://localhost:3000/" "Mozilla/5.0 (Windows NT 10.0; Win64; x64) AppleWebKit/537.36 (KHTML, like Gecko) electron/1.0.0 Chrome/130.0.6723.170 Electron/33.3.1 Safari/537.36"
::1 - - [24/Apr/2025:18:00:14 +0000] "GET /products?nome=&segment=&status= HTTP/1.1" 404 147 "http://localhost:3000/" "Mozilla/5.0 (Windows NT 10.0; Win64; x64) AppleWebKit/537.36 (KHTML, like Gecko) electron/1.0.0 Chrome/130.0.6723.170 Electron/33.3.1 Safari/537.36"
::1 - - [24/Apr/2025:18:00:21 +0000] "GET /products?nome=&segment=&status= HTTP/1.1" 404 147 "http://localhost:3000/" "Mozilla/5.0 (Windows NT 10.0; Win64; x64) AppleWebKit/537.36 (KHTML, like Gecko) electron/1.0.0 Chrome/130.0.6723.170 Electron/33.3.1 Safari/537.36"
::1 - - [24/Apr/2025:18:00:28 +0000] "GET /products?nome=&segment=&status= HTTP/1.1" 404 147 "http://localhost:3000/" "Mozilla/5.0 (Windows NT 10.0; Win64; x64) AppleWebKit/537.36 (KHTML, like Gecko) electron/1.0.0 Chrome/130.0.6723.170 Electron/33.3.1 Safari/537.36"
::1 - - [24/Apr/2025:18:00:33 +0000] "GET /products?nome=&segment=&status= HTTP/1.1" 404 147 "http://localhost:3000/" "Mozilla/5.0 (Windows NT 10.0; Win64; x64) AppleWebKit/537.36 (KHTML, like Gecko) electron/1.0.0 Chrome/130.0.6723.170 Electron/33.3.1 Safari/537.36"
::1 - - [24/Apr/2025:18:00:48 +0000] "GET /products?nome=&segment=&status= HTTP/1.1" 404 147 "http://localhost:3000/" "Mozilla/5.0 (Windows NT 10.0; Win64; x64) AppleWebKit/537.36 (KHTML, like Gecko) electron/1.0.0 Chrome/130.0.6723.170 Electron/33.3.1 Safari/537.36"
::1 - - [24/Apr/2025:18:00:52 +0000] "GET /products?nome=&segment=&status= HTTP/1.1" 404 147 "http://localhost:3000/" "Mozilla/5.0 (Windows NT 10.0; Win64; x64) AppleWebKit/537.36 (KHTML, like Gecko) electron/1.0.0 Chrome/130.0.6723.170 Electron/33.3.1 Safari/537.36"
::1 - - [24/Apr/2025:18:00:54 +0000] "GET /products?nome=&segment=&status= HTTP/1.1" 404 147 "http://localhost:3000/" "Mozilla/5.0 (Windows NT 10.0; Win64; x64) AppleWebKit/537.36 (KHTML, like Gecko) electron/1.0.0 Chrome/130.0.6723.170 Electron/33.3.1 Safari/537.36"
::1 - - [24/Apr/2025:18:03:02 +0000] "GET /products?nome=&segment=&status= HTTP/1.1" 404 147 "http://localhost:3000/" "Mozilla/5.0 (Windows NT 10.0; Win64; x64) AppleWebKit/537.36 (KHTML, like Gecko) electron/1.0.0 Chrome/130.0.6723.170 Electron/33.3.1 Safari/537.36"
::1 - - [24/Apr/2025:18:04:46 +0000] "GET /products?nome=&segment=&status= HTTP/1.1" 404 147 "http://localhost:3000/" "Mozilla/5.0 (Windows NT 10.0; Win64; x64) AppleWebKit/537.36 (KHTML, like Gecko) electron/1.0.0 Chrome/130.0.6723.170 Electron/33.3.1 Safari/537.36"
::1 - - [24/Apr/2025:18:04:56 +0000] "GET /products?nome=&segment=&status= HTTP/1.1" 404 147 "http://localhost:3000/" "Mozilla/5.0 (Windows NT 10.0; Win64; x64) AppleWebKit/537.36 (KHTML, like Gecko) electron/1.0.0 Chrome/130.0.6723.170 Electron/33.3.1 Safari/537.36"
::1 - - [24/Apr/2025:18:05:07 +0000] "GET /products?nome=&segment=&status= HTTP/1.1" 404 147 "http://localhost:3000/" "Mozilla/5.0 (Windows NT 10.0; Win64; x64) AppleWebKit/537.36 (KHTML, like Gecko) electron/1.0.0 Chrome/130.0.6723.170 Electron/33.3.1 Safari/537.36"
::1 - - [24/Apr/2025:18:05:10 +0000] "GET /products?nome=&segment=&status= HTTP/1.1" 404 147 "http://localhost:3000/" "Mozilla/5.0 (Windows NT 10.0; Win64; x64) AppleWebKit/537.36 (KHTML, like Gecko) electron/1.0.0 Chrome/130.0.6723.170 Electron/33.3.1 Safari/537.36"
::1 - - [24/Apr/2025:18:05:30 +0000] "GET /products?nome=&segment=&status= HTTP/1.1" 404 147 "http://localhost:3000/" "Mozilla/5.0 (Windows NT 10.0; Win64; x64) AppleWebKit/537.36 (KHTML, like Gecko) electron/1.0.0 Chrome/130.0.6723.170 Electron/33.3.1 Safari/537.36"
::1 - - [24/Apr/2025:18:05:33 +0000] "GET /products?nome=&segment=&status= HTTP/1.1" 404 147 "http://localhost:3000/" "Mozilla/5.0 (Windows NT 10.0; Win64; x64) AppleWebKit/537.36 (KHTML, like Gecko) electron/1.0.0 Chrome/130.0.6723.170 Electron/33.3.1 Safari/537.36"
::1 - - [24/Apr/2025:18:05:33 +0000] "GET /products?nome=&segment=&status= HTTP/1.1" 404 147 "http://localhost:3000/" "Mozilla/5.0 (Windows NT 10.0; Win64; x64) AppleWebKit/537.36 (KHTML, like Gecko) electron/1.0.0 Chrome/130.0.6723.170 Electron/33.3.1 Safari/537.36"
::1 - - [24/Apr/2025:18:05:39 +0000] "GET /products?nome=&segment=&status= HTTP/1.1" 404 147 "http://localhost:3000/" "Mozilla/5.0 (Windows NT 10.0; Win64; x64) AppleWebKit/537.36 (KHTML, like Gecko) electron/1.0.0 Chrome/130.0.6723.170 Electron/33.3.1 Safari/537.36"
::1 - - [24/Apr/2025:18:05:43 +0000] "GET /products?nome=&segment=&status= HTTP/1.1" 404 147 "http://localhost:3000/" "Mozilla/5.0 (Windows NT 10.0; Win64; x64) AppleWebKit/537.36 (KHTML, like Gecko) electron/1.0.0 Chrome/130.0.6723.170 Electron/33.3.1 Safari/537.36"
::1 - - [24/Apr/2025:18:05:54 +0000] "GET /products?nome=&segment=&status= HTTP/1.1" 404 147 "http://localhost:3000/" "Mozilla/5.0 (Windows NT 10.0; Win64; x64) AppleWebKit/537.36 (KHTML, like Gecko) electron/1.0.0 Chrome/130.0.6723.170 Electron/33.3.1 Safari/537.36"
::1 - - [24/Apr/2025:18:05:54 +0000] "GET /products?nome=&segment=&status= HTTP/1.1" 404 147 "http://localhost:3000/" "Mozilla/5.0 (Windows NT 10.0; Win64; x64) AppleWebKit/537.36 (KHTML, like Gecko) electron/1.0.0 Chrome/130.0.6723.170 Electron/33.3.1 Safari/537.36"
::1 - - [24/Apr/2025:18:05:56 +0000] "GET /products?nome=&segment=&status= HTTP/1.1" 404 147 "http://localhost:3000/" "Mozilla/5.0 (Windows NT 10.0; Win64; x64) AppleWebKit/537.36 (KHTML, like Gecko) electron/1.0.0 Chrome/130.0.6723.170 Electron/33.3.1 Safari/537.36"
::1 - - [24/Apr/2025:18:05:56 +0000] "GET /products?nome=&segment=&status= HTTP/1.1" 404 147 "http://localhost:3000/" "Mozilla/5.0 (Windows NT 10.0; Win64; x64) AppleWebKit/537.36 (KHTML, like Gecko) electron/1.0.0 Chrome/130.0.6723.170 Electron/33.3.1 Safari/537.36"
::1 - - [24/Apr/2025:18:05:58 +0000] "GET /products?nome=&segment=&status= HTTP/1.1" 404 147 "http://localhost:3000/" "Mozilla/5.0 (Windows NT 10.0; Win64; x64) AppleWebKit/537.36 (KHTML, like Gecko) electron/1.0.0 Chrome/130.0.6723.170 Electron/33.3.1 Safari/537.36"
::1 - - [24/Apr/2025:18:05:58 +0000] "GET /products?nome=&segment=&status= HTTP/1.1" 404 147 "http://localhost:3000/" "Mozilla/5.0 (Windows NT 10.0; Win64; x64) AppleWebKit/537.36 (KHTML, like Gecko) electron/1.0.0 Chrome/130.0.6723.170 Electron/33.3.1 Safari/537.36"
::1 - - [24/Apr/2025:18:06:05 +0000] "GET /products?nome=&segment=&status= HTTP/1.1" 404 147 "http://localhost:3000/" "Mozilla/5.0 (Windows NT 10.0; Win64; x64) AppleWebKit/537.36 (KHTML, like Gecko) electron/1.0.0 Chrome/130.0.6723.170 Electron/33.3.1 Safari/537.36"
::1 - - [24/Apr/2025:18:06:05 +0000] "GET /products?nome=&segment=&status= HTTP/1.1" 404 147 "http://localhost:3000/" "Mozilla/5.0 (Windows NT 10.0; Win64; x64) AppleWebKit/537.36 (KHTML, like Gecko) electron/1.0.0 Chrome/130.0.6723.170 Electron/33.3.1 Safari/537.36"
::1 - - [24/Apr/2025:18:06:06 +0000] "GET /products?nome=&segment=&status= HTTP/1.1" 404 147 "http://localhost:3000/" "Mozilla/5.0 (Windows NT 10.0; Win64; x64) AppleWebKit/537.36 (KHTML, like Gecko) electron/1.0.0 Chrome/130.0.6723.170 Electron/33.3.1 Safari/537.36"
::1 - - [24/Apr/2025:18:06:06 +0000] "GET /products?nome=&segment=&status= HTTP/1.1" 404 147 "http://localhost:3000/" "Mozilla/5.0 (Windows NT 10.0; Win64; x64) AppleWebKit/537.36 (KHTML, like Gecko) electron/1.0.0 Chrome/130.0.6723.170 Electron/33.3.1 Safari/537.36"
::1 - - [24/Apr/2025:18:06:11 +0000] "GET /products?nome=&segment=&status= HTTP/1.1" 404 147 "http://localhost:3000/" "Mozilla/5.0 (Windows NT 10.0; Win64; x64) AppleWebKit/537.36 (KHTML, like Gecko) electron/1.0.0 Chrome/130.0.6723.170 Electron/33.3.1 Safari/537.36"
::1 - - [24/Apr/2025:18:06:11 +0000] "GET /products?nome=&segment=&status= HTTP/1.1" 404 147 "http://localhost:3000/" "Mozilla/5.0 (Windows NT 10.0; Win64; x64) AppleWebKit/537.36 (KHTML, like Gecko) electron/1.0.0 Chrome/130.0.6723.170 Electron/33.3.1 Safari/537.36"
::1 - - [24/Apr/2025:18:07:17 +0000] "GET /products?nome=&segment=&status= HTTP/1.1" 404 147 "http://localhost:3000/" "Mozilla/5.0 (Windows NT 10.0; Win64; x64) AppleWebKit/537.36 (KHTML, like Gecko) electron/1.0.0 Chrome/130.0.6723.170 Electron/33.3.1 Safari/537.36"
::1 - - [24/Apr/2025:18:07:36 +0000] "GET /products?nome=&segment=&status= HTTP/1.1" 404 147 "http://localhost:3000/" "Mozilla/5.0 (Windows NT 10.0; Win64; x64) AppleWebKit/537.36 (KHTML, like Gecko) electron/1.0.0 Chrome/130.0.6723.170 Electron/33.3.1 Safari/537.36"
::1 - - [24/Apr/2025:18:07:41 +0000] "GET /products?nome=&segment=&status= HTTP/1.1" 404 147 "http://localhost:3000/" "Mozilla/5.0 (Windows NT 10.0; Win64; x64) AppleWebKit/537.36 (KHTML, like Gecko) electron/1.0.0 Chrome/130.0.6723.170 Electron/33.3.1 Safari/537.36"
::1 - - [24/Apr/2025:18:07:43 +0000] "GET /products?nome=&segment=&status= HTTP/1.1" 404 147 "http://localhost:3000/" "Mozilla/5.0 (Windows NT 10.0; Win64; x64) AppleWebKit/537.36 (KHTML, like Gecko) electron/1.0.0 Chrome/130.0.6723.170 Electron/33.3.1 Safari/537.36"
::1 - - [24/Apr/2025:18:10:38 +0000] "GET /products?nome=&segment=&status= HTTP/1.1" 404 147 "http://localhost:3000/" "Mozilla/5.0 (Windows NT 10.0; Win64; x64) AppleWebKit/537.36 (KHTML, like Gecko) electron/1.0.0 Chrome/130.0.6723.170 Electron/33.3.1 Safari/537.36"
::1 - - [24/Apr/2025:18:10:43 +0000] "GET /products?nome=&segment=&status= HTTP/1.1" 404 147 "http://localhost:3000/" "Mozilla/5.0 (Windows NT 10.0; Win64; x64) AppleWebKit/537.36 (KHTML, like Gecko) electron/1.0.0 Chrome/130.0.6723.170 Electron/33.3.1 Safari/537.36"
::1 - - [24/Apr/2025:18:10:51 +0000] "GET /products?nome=&segment=&status= HTTP/1.1" 404 147 "http://localhost:3000/" "Mozilla/5.0 (Windows NT 10.0; Win64; x64) AppleWebKit/537.36 (KHTML, like Gecko) electron/1.0.0 Chrome/130.0.6723.170 Electron/33.3.1 Safari/537.36"
::1 - - [24/Apr/2025:18:10:56 +0000] "GET /products?nome=&segment=&status= HTTP/1.1" 404 147 "http://localhost:3000/" "Mozilla/5.0 (Windows NT 10.0; Win64; x64) AppleWebKit/537.36 (KHTML, like Gecko) electron/1.0.0 Chrome/130.0.6723.170 Electron/33.3.1 Safari/537.36"
::1 - - [24/Apr/2025:18:10:56 +0000] "GET /products?nome=&segment=&status= HTTP/1.1" 404 147 "http://localhost:3000/" "Mozilla/5.0 (Windows NT 10.0; Win64; x64) AppleWebKit/537.36 (KHTML, like Gecko) electron/1.0.0 Chrome/130.0.6723.170 Electron/33.3.1 Safari/537.36"
::1 - - [24/Apr/2025:18:11:36 +0000] "GET /products?nome=&segment=&status= HTTP/1.1" 404 147 "http://localhost:3000/" "Mozilla/5.0 (Windows NT 10.0; Win64; x64) AppleWebKit/537.36 (KHTML, like Gecko) electron/1.0.0 Chrome/130.0.6723.170 Electron/33.3.1 Safari/537.36"
::1 - - [24/Apr/2025:18:15:35 +0000] "GET /products?nome=&segment=&status= HTTP/1.1" 404 147 "http://localhost:3000/" "Mozilla/5.0 (Windows NT 10.0; Win64; x64) AppleWebKit/537.36 (KHTML, like Gecko) electron/1.0.0 Chrome/130.0.6723.170 Electron/33.3.1 Safari/537.36"
::1 - - [24/Apr/2025:18:15:35 +0000] "GET /products?nome=&segment=&status= HTTP/1.1" 404 147 "http://localhost:3000/" "Mozilla/5.0 (Windows NT 10.0; Win64; x64) AppleWebKit/537.36 (KHTML, like Gecko) electron/1.0.0 Chrome/130.0.6723.170 Electron/33.3.1 Safari/537.36"
::1 - - [24/Apr/2025:18:22:44 +0000] "GET /read-products?name=BRAHMA%20LITRO HTTP/1.1" 400 53 "-" "Apidog/1.0.0 (https://apidog.com)"
::1 - - [24/Apr/2025:18:43:47 +0000] "GET /read-products?name=BRAHMA%20LITRO HTTP/1.1" 400 53 "-" "Apidog/1.0.0 (https://apidog.com)"
::1 - - [24/Apr/2025:18:48:03 +0000] "GET /read-products?name=BRAHMA%20LITRO HTTP/1.1" 200 124 "-" "Apidog/1.0.0 (https://apidog.com)"
::1 - - [24/Apr/2025:18:49:36 +0000] "GET /products?segment=&status= HTTP/1.1" 404 147 "http://localhost:3000/" "Mozilla/5.0 (Windows NT 10.0; Win64; x64) AppleWebKit/537.36 (KHTML, like Gecko) electron/1.0.0 Chrome/130.0.6723.170 Electron/33.3.1 Safari/537.36"
::1 - - [24/Apr/2025:18:49:36 +0000] "GET /products?segment=&status= HTTP/1.1" 404 147 "http://localhost:3000/" "Mozilla/5.0 (Windows NT 10.0; Win64; x64) AppleWebKit/537.36 (KHTML, like Gecko) electron/1.0.0 Chrome/130.0.6723.170 Electron/33.3.1 Safari/537.36"
::1 - - [24/Apr/2025:18:51:40 +0000] "GET /products?name=&segment=&status= HTTP/1.1" 404 147 "http://localhost:3000/" "Mozilla/5.0 (Windows NT 10.0; Win64; x64) AppleWebKit/537.36 (KHTML, like Gecko) electron/1.0.0 Chrome/130.0.6723.170 Electron/33.3.1 Safari/537.36"
::1 - - [24/Apr/2025:18:51:40 +0000] "GET /products?name=&segment=&status= HTTP/1.1" 404 147 "http://localhost:3000/" "Mozilla/5.0 (Windows NT 10.0; Win64; x64) AppleWebKit/537.36 (KHTML, like Gecko) electron/1.0.0 Chrome/130.0.6723.170 Electron/33.3.1 Safari/537.36"
::1 - - [24/Apr/2025:18:54:11 +0000] "GET /products?name=&segment=&status= HTTP/1.1" 404 147 "http://localhost:3000/" "Mozilla/5.0 (Windows NT 10.0; Win64; x64) AppleWebKit/537.36 (KHTML, like Gecko) electron/1.0.0 Chrome/130.0.6723.170 Electron/33.3.1 Safari/537.36"
::1 - - [24/Apr/2025:18:54:16 +0000] "GET /products?name=&segment=&status= HTTP/1.1" 404 147 "http://localhost:3000/" "Mozilla/5.0 (Windows NT 10.0; Win64; x64) AppleWebKit/537.36 (KHTML, like Gecko) electron/1.0.0 Chrome/130.0.6723.170 Electron/33.3.1 Safari/537.36"
::1 - - [24/Apr/2025:18:54:16 +0000] "GET /products?name=&segment=&status= HTTP/1.1" 404 147 "http://localhost:3000/" "Mozilla/5.0 (Windows NT 10.0; Win64; x64) AppleWebKit/537.36 (KHTML, like Gecko) electron/1.0.0 Chrome/130.0.6723.170 Electron/33.3.1 Safari/537.36"
::1 - - [24/Apr/2025:18:54:36 +0000] "POST /login HTTP/1.1" 200 240 "http://localhost:3000/" "Mozilla/5.0 (Windows NT 10.0; Win64; x64) AppleWebKit/537.36 (KHTML, like Gecko) electron/1.0.0 Chrome/130.0.6723.170 Electron/33.3.1 Safari/537.36"
::1 - - [24/Apr/2025:18:54:37 +0000] "GET /products?name=&segment=&status= HTTP/1.1" 404 147 "http://localhost:3000/" "Mozilla/5.0 (Windows NT 10.0; Win64; x64) AppleWebKit/537.36 (KHTML, like Gecko) electron/1.0.0 Chrome/130.0.6723.170 Electron/33.3.1 Safari/537.36"
::1 - - [24/Apr/2025:18:54:37 +0000] "GET /products?name=&segment=&status= HTTP/1.1" 404 147 "http://localhost:3000/" "Mozilla/5.0 (Windows NT 10.0; Win64; x64) AppleWebKit/537.36 (KHTML, like Gecko) electron/1.0.0 Chrome/130.0.6723.170 Electron/33.3.1 Safari/537.36"
::1 - - [24/Apr/2025:18:55:18 +0000] "GET /read-products?name=&segment=&status= HTTP/1.1" 200 66148 "http://localhost:3000/" "Mozilla/5.0 (Windows NT 10.0; Win64; x64) AppleWebKit/537.36 (KHTML, like Gecko) electron/1.0.0 Chrome/130.0.6723.170 Electron/33.3.1 Safari/537.36"
::1 - - [24/Apr/2025:18:55:27 +0000] "GET /read-products?name=&segment=&status= HTTP/1.1" 304 - "http://localhost:3000/" "Mozilla/5.0 (Windows NT 10.0; Win64; x64) AppleWebKit/537.36 (KHTML, like Gecko) electron/1.0.0 Chrome/130.0.6723.170 Electron/33.3.1 Safari/537.36"
::1 - - [24/Apr/2025:18:55:31 +0000] "GET /read-products?name=&segment=&status= HTTP/1.1" 304 - "http://localhost:3000/" "Mozilla/5.0 (Windows NT 10.0; Win64; x64) AppleWebKit/537.36 (KHTML, like Gecko) electron/1.0.0 Chrome/130.0.6723.170 Electron/33.3.1 Safari/537.36"
::1 - - [24/Apr/2025:18:55:31 +0000] "GET /read-products?name=&segment=&status= HTTP/1.1" 304 - "http://localhost:3000/" "Mozilla/5.0 (Windows NT 10.0; Win64; x64) AppleWebKit/537.36 (KHTML, like Gecko) electron/1.0.0 Chrome/130.0.6723.170 Electron/33.3.1 Safari/537.36"
::1 - - [24/Apr/2025:18:55:50 +0000] "GET /read-products?name=&segment=&status= HTTP/1.1" 304 - "http://localhost:3000/" "Mozilla/5.0 (Windows NT 10.0; Win64; x64) AppleWebKit/537.36 (KHTML, like Gecko) electron/1.0.0 Chrome/130.0.6723.170 Electron/33.3.1 Safari/537.36"
::1 - - [24/Apr/2025:18:56:55 +0000] "GET /read-products?name=&segment=&supplier=&status= HTTP/1.1" 200 66148 "http://localhost:3000/" "Mozilla/5.0 (Windows NT 10.0; Win64; x64) AppleWebKit/537.36 (KHTML, like Gecko) electron/1.0.0 Chrome/130.0.6723.170 Electron/33.3.1 Safari/537.36"
::1 - - [24/Apr/2025:18:56:55 +0000] "GET /read-products?name=&segment=&supplier=&status= HTTP/1.1" 304 - "http://localhost:3000/" "Mozilla/5.0 (Windows NT 10.0; Win64; x64) AppleWebKit/537.36 (KHTML, like Gecko) electron/1.0.0 Chrome/130.0.6723.170 Electron/33.3.1 Safari/537.36"
::1 - - [24/Apr/2025:18:58:54 +0000] "GET /read-products?name=&segment=&supplier=&status= HTTP/1.1" 304 - "http://localhost:3000/" "Mozilla/5.0 (Windows NT 10.0; Win64; x64) AppleWebKit/537.36 (KHTML, like Gecko) electron/1.0.0 Chrome/130.0.6723.170 Electron/33.3.1 Safari/537.36"
::1 - - [24/Apr/2025:18:59:11 +0000] "GET /read-products?name=&segment=&supplier=&status= HTTP/1.1" 304 - "http://localhost:3000/" "Mozilla/5.0 (Windows NT 10.0; Win64; x64) AppleWebKit/537.36 (KHTML, like Gecko) electron/1.0.0 Chrome/130.0.6723.170 Electron/33.3.1 Safari/537.36"
::1 - - [24/Apr/2025:18:59:32 +0000] "GET /read-products?name=&segment=&supplier=&status= HTTP/1.1" 304 - "http://localhost:3000/" "Mozilla/5.0 (Windows NT 10.0; Win64; x64) AppleWebKit/537.36 (KHTML, like Gecko) electron/1.0.0 Chrome/130.0.6723.170 Electron/33.3.1 Safari/537.36"
::1 - - [24/Apr/2025:18:59:32 +0000] "GET /read-products?name=&segment=&supplier=&status= HTTP/1.1" 304 - "http://localhost:3000/" "Mozilla/5.0 (Windows NT 10.0; Win64; x64) AppleWebKit/537.36 (KHTML, like Gecko) electron/1.0.0 Chrome/130.0.6723.170 Electron/33.3.1 Safari/537.36"
::1 - - [24/Apr/2025:19:00:19 +0000] "GET /read-products?name=&segment=&supplier=&status= HTTP/1.1" 304 - "http://localhost:3000/" "Mozilla/5.0 (Windows NT 10.0; Win64; x64) AppleWebKit/537.36 (KHTML, like Gecko) electron/1.0.0 Chrome/130.0.6723.170 Electron/33.3.1 Safari/537.36"
::1 - - [24/Apr/2025:19:00:19 +0000] "GET /read-products?name=&segment=&supplier=&status= HTTP/1.1" 304 - "http://localhost:3000/" "Mozilla/5.0 (Windows NT 10.0; Win64; x64) AppleWebKit/537.36 (KHTML, like Gecko) electron/1.0.0 Chrome/130.0.6723.170 Electron/33.3.1 Safari/537.36"
::1 - - [24/Apr/2025:19:04:43 +0000] "GET /read-products HTTP/1.1" 200 66148 "-" "Apidog/1.0.0 (https://apidog.com)"
::1 - - [24/Apr/2025:19:05:22 +0000] "GET /read-products?name=&segment=&supplier=&status= HTTP/1.1" 304 - "http://localhost:3000/" "Mozilla/5.0 (Windows NT 10.0; Win64; x64) AppleWebKit/537.36 (KHTML, like Gecko) electron/1.0.0 Chrome/130.0.6723.170 Electron/33.3.1 Safari/537.36"
::1 - - [24/Apr/2025:19:06:05 +0000] "GET /read-products?name=&segment=&supplier=&status= HTTP/1.1" 304 - "http://localhost:3000/" "Mozilla/5.0 (Windows NT 10.0; Win64; x64) AppleWebKit/537.36 (KHTML, like Gecko) electron/1.0.0 Chrome/130.0.6723.170 Electron/33.3.1 Safari/537.36"
::1 - - [24/Apr/2025:19:06:09 +0000] "GET /read-products?name=&segment=&supplier=&status= HTTP/1.1" 304 - "http://localhost:3000/" "Mozilla/5.0 (Windows NT 10.0; Win64; x64) AppleWebKit/537.36 (KHTML, like Gecko) electron/1.0.0 Chrome/130.0.6723.170 Electron/33.3.1 Safari/537.36"
::1 - - [24/Apr/2025:19:06:09 +0000] "GET /read-products?name=&segment=&supplier=&status= HTTP/1.1" 304 - "http://localhost:3000/" "Mozilla/5.0 (Windows NT 10.0; Win64; x64) AppleWebKit/537.36 (KHTML, like Gecko) electron/1.0.0 Chrome/130.0.6723.170 Electron/33.3.1 Safari/537.36"
::1 - - [24/Apr/2025:19:06:40 +0000] "GET /read-products?name=&segment=&supplier=&status= HTTP/1.1" 304 - "http://localhost:3000/" "Mozilla/5.0 (Windows NT 10.0; Win64; x64) AppleWebKit/537.36 (KHTML, like Gecko) electron/1.0.0 Chrome/130.0.6723.170 Electron/33.3.1 Safari/537.36"
::1 - - [24/Apr/2025:19:14:18 +0000] "GET /read-products?name=&segment=&supplier=&status= HTTP/1.1" 304 - "http://localhost:3000/" "Mozilla/5.0 (Windows NT 10.0; Win64; x64) AppleWebKit/537.36 (KHTML, like Gecko) electron/1.0.0 Chrome/130.0.6723.170 Electron/33.3.1 Safari/537.36"
::1 - - [24/Apr/2025:19:14:18 +0000] "GET /read-products?name=&segment=&supplier=&status= HTTP/1.1" 304 - "http://localhost:3000/" "Mozilla/5.0 (Windows NT 10.0; Win64; x64) AppleWebKit/537.36 (KHTML, like Gecko) electron/1.0.0 Chrome/130.0.6723.170 Electron/33.3.1 Safari/537.36"
::1 - - [24/Apr/2025:19:14:21 +0000] "GET /read-products?name=&segment=&supplier=&status= HTTP/1.1" 304 - "http://localhost:3000/" "Mozilla/5.0 (Windows NT 10.0; Win64; x64) AppleWebKit/537.36 (KHTML, like Gecko) electron/1.0.0 Chrome/130.0.6723.170 Electron/33.3.1 Safari/537.36"
::1 - - [24/Apr/2025:19:14:23 +0000] "GET /read-products?name=&segment=&supplier=&status= HTTP/1.1" 304 - "http://localhost:3000/" "Mozilla/5.0 (Windows NT 10.0; Win64; x64) AppleWebKit/537.36 (KHTML, like Gecko) electron/1.0.0 Chrome/130.0.6723.170 Electron/33.3.1 Safari/537.36"
::1 - - [24/Apr/2025:19:14:23 +0000] "GET /read-products?name=&segment=&supplier=&status= HTTP/1.1" 304 - "http://localhost:3000/" "Mozilla/5.0 (Windows NT 10.0; Win64; x64) AppleWebKit/537.36 (KHTML, like Gecko) electron/1.0.0 Chrome/130.0.6723.170 Electron/33.3.1 Safari/537.36"
::1 - - [24/Apr/2025:19:14:44 +0000] "POST /login HTTP/1.1" 200 240 "http://localhost:3000/" "Mozilla/5.0 (Windows NT 10.0; Win64; x64) AppleWebKit/537.36 (KHTML, like Gecko) electron/1.0.0 Chrome/130.0.6723.170 Electron/33.3.1 Safari/537.36"
::1 - - [24/Apr/2025:19:14:45 +0000] "GET /read-products?name=&segment=&supplier=&status= HTTP/1.1" 304 - "http://localhost:3000/" "Mozilla/5.0 (Windows NT 10.0; Win64; x64) AppleWebKit/537.36 (KHTML, like Gecko) electron/1.0.0 Chrome/130.0.6723.170 Electron/33.3.1 Safari/537.36"
::1 - - [24/Apr/2025:19:14:45 +0000] "GET /read-products?name=&segment=&supplier=&status= HTTP/1.1" 304 - "http://localhost:3000/" "Mozilla/5.0 (Windows NT 10.0; Win64; x64) AppleWebKit/537.36 (KHTML, like Gecko) electron/1.0.0 Chrome/130.0.6723.170 Electron/33.3.1 Safari/537.36"
::1 - - [24/Apr/2025:19:16:42 +0000] "GET /read-products?name=&segment=&supplier=&status= HTTP/1.1" 304 - "http://localhost:3000/" "Mozilla/5.0 (Windows NT 10.0; Win64; x64) AppleWebKit/537.36 (KHTML, like Gecko) electron/1.0.0 Chrome/130.0.6723.170 Electron/33.3.1 Safari/537.36"
::1 - - [24/Apr/2025:19:18:21 +0000] "GET /read-products?name=&segment=&supplier=&status= HTTP/1.1" 304 - "http://localhost:3000/" "Mozilla/5.0 (Windows NT 10.0; Win64; x64) AppleWebKit/537.36 (KHTML, like Gecko) electron/1.0.0 Chrome/130.0.6723.170 Electron/33.3.1 Safari/537.36"
::1 - - [24/Apr/2025:19:18:21 +0000] "GET /read-products?name=&segment=&supplier=&status= HTTP/1.1" 304 - "http://localhost:3000/" "Mozilla/5.0 (Windows NT 10.0; Win64; x64) AppleWebKit/537.36 (KHTML, like Gecko) electron/1.0.0 Chrome/130.0.6723.170 Electron/33.3.1 Safari/537.36"
::1 - - [24/Apr/2025:19:19:30 +0000] "GET /read-products?name=&segment=&supplier=&status= HTTP/1.1" 304 - "http://localhost:3000/" "Mozilla/5.0 (Windows NT 10.0; Win64; x64) AppleWebKit/537.36 (KHTML, like Gecko) electron/1.0.0 Chrome/130.0.6723.170 Electron/33.3.1 Safari/537.36"
::1 - - [24/Apr/2025:19:20:51 +0000] "GET /read-products?name=&segment=&supplier=&status= HTTP/1.1" 304 - "http://localhost:3000/" "Mozilla/5.0 (Windows NT 10.0; Win64; x64) AppleWebKit/537.36 (KHTML, like Gecko) electron/1.0.0 Chrome/130.0.6723.170 Electron/33.3.1 Safari/537.36"
::1 - - [24/Apr/2025:19:25:25 +0000] "GET /read-products?name=&segment=&supplier=&status= HTTP/1.1" 304 - "http://localhost:3000/" "Mozilla/5.0 (Windows NT 10.0; Win64; x64) AppleWebKit/537.36 (KHTML, like Gecko) electron/1.0.0 Chrome/130.0.6723.170 Electron/33.3.1 Safari/537.36"
::1 - - [24/Apr/2025:19:25:25 +0000] "GET /read-products?name=&segment=&supplier=&status= HTTP/1.1" 304 - "http://localhost:3000/" "Mozilla/5.0 (Windows NT 10.0; Win64; x64) AppleWebKit/537.36 (KHTML, like Gecko) electron/1.0.0 Chrome/130.0.6723.170 Electron/33.3.1 Safari/537.36"
::1 - - [24/Apr/2025:19:25:36 +0000] "GET /read-products?name=&segment=&supplier=&status=1 HTTP/1.1" 500 38 "http://localhost:3000/" "Mozilla/5.0 (Windows NT 10.0; Win64; x64) AppleWebKit/537.36 (KHTML, like Gecko) electron/1.0.0 Chrome/130.0.6723.170 Electron/33.3.1 Safari/537.36"
::1 - - [24/Apr/2025:19:32:32 +0000] "GET /read-products?name=&segment=&supplier=&status=1 HTTP/1.1" 500 38 "http://localhost:3000/" "Mozilla/5.0 (Windows NT 10.0; Win64; x64) AppleWebKit/537.36 (KHTML, like Gecko) electron/1.0.0 Chrome/130.0.6723.170 Electron/33.3.1 Safari/537.36"
::1 - - [24/Apr/2025:19:32:41 +0000] "GET /read-products?name=&segment=&supplier=&status=0 HTTP/1.1" 400 53 "http://localhost:3000/" "Mozilla/5.0 (Windows NT 10.0; Win64; x64) AppleWebKit/537.36 (KHTML, like Gecko) electron/1.0.0 Chrome/130.0.6723.170 Electron/33.3.1 Safari/537.36"
::1 - - [24/Apr/2025:19:32:43 +0000] "GET /read-products?name=&segment=&supplier=&status=1 HTTP/1.1" 500 38 "http://localhost:3000/" "Mozilla/5.0 (Windows NT 10.0; Win64; x64) AppleWebKit/537.36 (KHTML, like Gecko) electron/1.0.0 Chrome/130.0.6723.170 Electron/33.3.1 Safari/537.36"
::1 - - [24/Apr/2025:19:33:06 +0000] "GET /read-products?name=&segment=&supplier=&status=1 HTTP/1.1" 500 38 "http://localhost:3000/" "Mozilla/5.0 (Windows NT 10.0; Win64; x64) AppleWebKit/537.36 (KHTML, like Gecko) electron/1.0.0 Chrome/130.0.6723.170 Electron/33.3.1 Safari/537.36"
::1 - - [24/Apr/2025:19:33:09 +0000] "GET /read-products?name=&segment=&supplier=&status=false HTTP/1.1" 400 53 "http://localhost:3000/" "Mozilla/5.0 (Windows NT 10.0; Win64; x64) AppleWebKit/537.36 (KHTML, like Gecko) electron/1.0.0 Chrome/130.0.6723.170 Electron/33.3.1 Safari/537.36"
::1 - - [24/Apr/2025:19:33:10 +0000] "GET /read-products?name=&segment=&supplier=&status=false HTTP/1.1" 400 53 "http://localhost:3000/" "Mozilla/5.0 (Windows NT 10.0; Win64; x64) AppleWebKit/537.36 (KHTML, like Gecko) electron/1.0.0 Chrome/130.0.6723.170 Electron/33.3.1 Safari/537.36"
::1 - - [24/Apr/2025:19:33:46 +0000] "GET /read-products?name=&segment=&supplier=&status=false HTTP/1.1" 400 53 "http://localhost:3000/" "Mozilla/5.0 (Windows NT 10.0; Win64; x64) AppleWebKit/537.36 (KHTML, like Gecko) electron/1.0.0 Chrome/130.0.6723.170 Electron/33.3.1 Safari/537.36"
::1 - - [24/Apr/2025:19:44:05 +0000] "GET /read-products?name=&segment=&supplier=&status=false HTTP/1.1" 400 53 "http://localhost:3000/" "Mozilla/5.0 (Windows NT 10.0; Win64; x64) AppleWebKit/537.36 (KHTML, like Gecko) electron/1.0.0 Chrome/130.0.6723.170 Electron/33.3.1 Safari/537.36"
::1 - - [24/Apr/2025:19:44:08 +0000] "GET /read-products?name=&segment=&supplier=&status=0 HTTP/1.1" 400 53 "http://localhost:3000/" "Mozilla/5.0 (Windows NT 10.0; Win64; x64) AppleWebKit/537.36 (KHTML, like Gecko) electron/1.0.0 Chrome/130.0.6723.170 Electron/33.3.1 Safari/537.36"
::1 - - [24/Apr/2025:20:03:13 +0000] "GET /read-products?name=&segment=&supplier=&status=0 HTTP/1.1" 400 53 "http://localhost:3000/" "Mozilla/5.0 (Windows NT 10.0; Win64; x64) AppleWebKit/537.36 (KHTML, like Gecko) electron/1.0.0 Chrome/130.0.6723.170 Electron/33.3.1 Safari/537.36"
::1 - - [24/Apr/2025:20:09:08 +0000] "GET /read-products?name=&segment=&supplier=&status= HTTP/1.1" 304 - "http://localhost:3000/" "Mozilla/5.0 (Windows NT 10.0; Win64; x64) AppleWebKit/537.36 (KHTML, like Gecko) electron/1.0.0 Chrome/130.0.6723.170 Electron/33.3.1 Safari/537.36"
::1 - - [24/Apr/2025:20:09:08 +0000] "GET /read-products?name=&segment=&supplier=&status= HTTP/1.1" 304 - "http://localhost:3000/" "Mozilla/5.0 (Windows NT 10.0; Win64; x64) AppleWebKit/537.36 (KHTML, like Gecko) electron/1.0.0 Chrome/130.0.6723.170 Electron/33.3.1 Safari/537.36"
::1 - - [24/Apr/2025:20:09:13 +0000] "GET /read-products?name=&segment=&supplier=&status=false HTTP/1.1" 400 53 "http://localhost:3000/" "Mozilla/5.0 (Windows NT 10.0; Win64; x64) AppleWebKit/537.36 (KHTML, like Gecko) electron/1.0.0 Chrome/130.0.6723.170 Electron/33.3.1 Safari/537.36"
::1 - - [24/Apr/2025:20:09:14 +0000] "GET /read-products?name=&segment=&supplier=&status=false HTTP/1.1" 400 53 "http://localhost:3000/" "Mozilla/5.0 (Windows NT 10.0; Win64; x64) AppleWebKit/537.36 (KHTML, like Gecko) electron/1.0.0 Chrome/130.0.6723.170 Electron/33.3.1 Safari/537.36"
::1 - - [24/Apr/2025:20:12:05 +0000] "GET /read-products?name=BRAHMA+LITRO&segment=&supplier= HTTP/1.1" 200 124 "http://localhost:3000/" "Mozilla/5.0 (Windows NT 10.0; Win64; x64) AppleWebKit/537.36 (KHTML, like Gecko) electron/1.0.0 Chrome/130.0.6723.170 Electron/33.3.1 Safari/537.36"
::1 - - [24/Apr/2025:20:12:16 +0000] "GET /read-products?name=&segment=&supplier=AMBEV HTTP/1.1" 200 5276 "http://localhost:3000/" "Mozilla/5.0 (Windows NT 10.0; Win64; x64) AppleWebKit/537.36 (KHTML, like Gecko) electron/1.0.0 Chrome/130.0.6723.170 Electron/33.3.1 Safari/537.36"
::1 - - [24/Apr/2025:20:12:23 +0000] "GET /read-products?name=&segment=REFRI&supplier= HTTP/1.1" 200 13733 "http://localhost:3000/" "Mozilla/5.0 (Windows NT 10.0; Win64; x64) AppleWebKit/537.36 (KHTML, like Gecko) electron/1.0.0 Chrome/130.0.6723.170 Electron/33.3.1 Safari/537.36"
::1 - - [24/Apr/2025:20:12:34 +0000] "GET /read-products?name=BRAHMA+LITRO&segment=REFRI&supplier= HTTP/1.1" 404 39 "http://localhost:3000/" "Mozilla/5.0 (Windows NT 10.0; Win64; x64) AppleWebKit/537.36 (KHTML, like Gecko) electron/1.0.0 Chrome/130.0.6723.170 Electron/33.3.1 Safari/537.36"
::1 - - [24/Apr/2025:20:12:35 +0000] "GET /read-products?name=BRAHMA+LITRO&segment=REFRI&supplier= HTTP/1.1" 404 39 "http://localhost:3000/" "Mozilla/5.0 (Windows NT 10.0; Win64; x64) AppleWebKit/537.36 (KHTML, like Gecko) electron/1.0.0 Chrome/130.0.6723.170 Electron/33.3.1 Safari/537.36"
::1 - - [24/Apr/2025:20:12:43 +0000] "GET /read-products?name=BRAHMA+LITRO&segment=REFRI&supplier= HTTP/1.1" 404 39 "http://localhost:3000/" "Mozilla/5.0 (Windows NT 10.0; Win64; x64) AppleWebKit/537.36 (KHTML, like Gecko) electron/1.0.0 Chrome/130.0.6723.170 Electron/33.3.1 Safari/537.36"
::1 - - [24/Apr/2025:20:12:43 +0000] "GET /read-products?name=BRAHMA+LITRO&segment=REFRI&supplier= HTTP/1.1" 404 39 "http://localhost:3000/" "Mozilla/5.0 (Windows NT 10.0; Win64; x64) AppleWebKit/537.36 (KHTML, like Gecko) electron/1.0.0 Chrome/130.0.6723.170 Electron/33.3.1 Safari/537.36"
::1 - - [24/Apr/2025:20:12:43 +0000] "GET /read-products?name=BRAHMA+LITRO&segment=REFRI&supplier= HTTP/1.1" 404 39 "http://localhost:3000/" "Mozilla/5.0 (Windows NT 10.0; Win64; x64) AppleWebKit/537.36 (KHTML, like Gecko) electron/1.0.0 Chrome/130.0.6723.170 Electron/33.3.1 Safari/537.36"
::1 - - [24/Apr/2025:20:12:44 +0000] "GET /read-products?name=BRAHMA+LITRO&segment=REFRI&supplier= HTTP/1.1" 404 39 "http://localhost:3000/" "Mozilla/5.0 (Windows NT 10.0; Win64; x64) AppleWebKit/537.36 (KHTML, like Gecko) electron/1.0.0 Chrome/130.0.6723.170 Electron/33.3.1 Safari/537.36"
::1 - - [24/Apr/2025:20:12:44 +0000] "GET /read-products?name=BRAHMA+LITRO&segment=REFRI&supplier= HTTP/1.1" 404 39 "http://localhost:3000/" "Mozilla/5.0 (Windows NT 10.0; Win64; x64) AppleWebKit/537.36 (KHTML, like Gecko) electron/1.0.0 Chrome/130.0.6723.170 Electron/33.3.1 Safari/537.36"
::1 - - [24/Apr/2025:20:12:44 +0000] "GET /read-products?name=BRAHMA+LITRO&segment=REFRI&supplier= HTTP/1.1" 404 39 "http://localhost:3000/" "Mozilla/5.0 (Windows NT 10.0; Win64; x64) AppleWebKit/537.36 (KHTML, like Gecko) electron/1.0.0 Chrome/130.0.6723.170 Electron/33.3.1 Safari/537.36"
::1 - - [24/Apr/2025:20:12:44 +0000] "GET /read-products?name=BRAHMA+LITRO&segment=REFRI&supplier= HTTP/1.1" 404 39 "http://localhost:3000/" "Mozilla/5.0 (Windows NT 10.0; Win64; x64) AppleWebKit/537.36 (KHTML, like Gecko) electron/1.0.0 Chrome/130.0.6723.170 Electron/33.3.1 Safari/537.36"
::1 - - [24/Apr/2025:20:12:45 +0000] "GET /read-products?name=BRAHMA+LITRO&segment=&supplier= HTTP/1.1" 304 - "http://localhost:3000/" "Mozilla/5.0 (Windows NT 10.0; Win64; x64) AppleWebKit/537.36 (KHTML, like Gecko) electron/1.0.0 Chrome/130.0.6723.170 Electron/33.3.1 Safari/537.36"
::1 - - [24/Apr/2025:20:13:01 +0000] "GET /read-products?name=&segment=AMBEV&supplier= HTTP/1.1" 404 39 "http://localhost:3000/" "Mozilla/5.0 (Windows NT 10.0; Win64; x64) AppleWebKit/537.36 (KHTML, like Gecko) electron/1.0.0 Chrome/130.0.6723.170 Electron/33.3.1 Safari/537.36"
::1 - - [24/Apr/2025:20:13:02 +0000] "GET /read-products?name=&segment=AMBEV&supplier= HTTP/1.1" 404 39 "http://localhost:3000/" "Mozilla/5.0 (Windows NT 10.0; Win64; x64) AppleWebKit/537.36 (KHTML, like Gecko) electron/1.0.0 Chrome/130.0.6723.170 Electron/33.3.1 Safari/537.36"
::1 - - [24/Apr/2025:20:13:03 +0000] "GET /read-products?name=&segment=AMBEV&supplier= HTTP/1.1" 404 39 "http://localhost:3000/" "Mozilla/5.0 (Windows NT 10.0; Win64; x64) AppleWebKit/537.36 (KHTML, like Gecko) electron/1.0.0 Chrome/130.0.6723.170 Electron/33.3.1 Safari/537.36"
::1 - - [24/Apr/2025:20:13:06 +0000] "GET /read-products?name=&segment=&supplier= HTTP/1.1" 200 66148 "http://localhost:3000/" "Mozilla/5.0 (Windows NT 10.0; Win64; x64) AppleWebKit/537.36 (KHTML, like Gecko) electron/1.0.0 Chrome/130.0.6723.170 Electron/33.3.1 Safari/537.36"
::1 - - [24/Apr/2025:20:13:19 +0000] "GET /read-products?name=&segment=QUENTE&supplier= HTTP/1.1" 200 29547 "http://localhost:3000/" "Mozilla/5.0 (Windows NT 10.0; Win64; x64) AppleWebKit/537.36 (KHTML, like Gecko) electron/1.0.0 Chrome/130.0.6723.170 Electron/33.3.1 Safari/537.36"
::1 - - [24/Apr/2025:20:13:38 +0000] "GET /read-products?name=&segment=QUENTE&supplier= HTTP/1.1" 304 - "http://localhost:3000/" "Mozilla/5.0 (Windows NT 10.0; Win64; x64) AppleWebKit/537.36 (KHTML, like Gecko) electron/1.0.0 Chrome/130.0.6723.170 Electron/33.3.1 Safari/537.36"
::1 - - [24/Apr/2025:20:16:07 +0000] "GET /read-products?name=&segment=&supplier=&status= HTTP/1.1" 304 - "http://localhost:3000/" "Mozilla/5.0 (Windows NT 10.0; Win64; x64) AppleWebKit/537.36 (KHTML, like Gecko) electron/1.0.0 Chrome/130.0.6723.170 Electron/33.3.1 Safari/537.36"
::1 - - [24/Apr/2025:20:16:07 +0000] "GET /read-products?name=&segment=&supplier=&status= HTTP/1.1" 304 - "http://localhost:3000/" "Mozilla/5.0 (Windows NT 10.0; Win64; x64) AppleWebKit/537.36 (KHTML, like Gecko) electron/1.0.0 Chrome/130.0.6723.170 Electron/33.3.1 Safari/537.36"
::1 - - [24/Apr/2025:20:16:13 +0000] "GET /read-products?name=&segment=&supplier=&status= HTTP/1.1" 304 - "http://localhost:3000/" "Mozilla/5.0 (Windows NT 10.0; Win64; x64) AppleWebKit/537.36 (KHTML, like Gecko) electron/1.0.0 Chrome/130.0.6723.170 Electron/33.3.1 Safari/537.36"
::1 - - [24/Apr/2025:20:16:13 +0000] "GET /read-products?name=&segment=&supplier=&status= HTTP/1.1" 304 - "http://localhost:3000/" "Mozilla/5.0 (Windows NT 10.0; Win64; x64) AppleWebKit/537.36 (KHTML, like Gecko) electron/1.0.0 Chrome/130.0.6723.170 Electron/33.3.1 Safari/537.36"
::1 - - [24/Apr/2025:20:16:21 +0000] "GET /read-products?name=&segment=&supplier=&status=false HTTP/1.1" 400 53 "http://localhost:3000/" "Mozilla/5.0 (Windows NT 10.0; Win64; x64) AppleWebKit/537.36 (KHTML, like Gecko) electron/1.0.0 Chrome/130.0.6723.170 Electron/33.3.1 Safari/537.36"
::1 - - [24/Apr/2025:20:16:23 +0000] "GET /read-products?name=&segment=&supplier= HTTP/1.1" 304 - "http://localhost:3000/" "Mozilla/5.0 (Windows NT 10.0; Win64; x64) AppleWebKit/537.36 (KHTML, like Gecko) electron/1.0.0 Chrome/130.0.6723.170 Electron/33.3.1 Safari/537.36"
::1 - - [24/Apr/2025:20:20:19 +0000] "GET /read-products?name=&segment=&supplier= HTTP/1.1" 304 - "http://localhost:3000/" "Mozilla/5.0 (Windows NT 10.0; Win64; x64) AppleWebKit/537.36 (KHTML, like Gecko) electron/1.0.0 Chrome/130.0.6723.170 Electron/33.3.1 Safari/537.36"
::1 - - [24/Apr/2025:20:20:25 +0000] "GET /read-products?name=&segment=&supplier=&status=false HTTP/1.1" 400 53 "http://localhost:3000/" "Mozilla/5.0 (Windows NT 10.0; Win64; x64) AppleWebKit/537.36 (KHTML, like Gecko) electron/1.0.0 Chrome/130.0.6723.170 Electron/33.3.1 Safari/537.36"
::1 - - [24/Apr/2025:20:20:26 +0000] "GET /read-products?name=&segment=&supplier=&status=false HTTP/1.1" 400 53 "http://localhost:3000/" "Mozilla/5.0 (Windows NT 10.0; Win64; x64) AppleWebKit/537.36 (KHTML, like Gecko) electron/1.0.0 Chrome/130.0.6723.170 Electron/33.3.1 Safari/537.36"
::1 - - [24/Apr/2025:20:20:55 +0000] "GET /read-products?name=&segment=&supplier=&status=false HTTP/1.1" 400 53 "http://localhost:3000/" "Mozilla/5.0 (Windows NT 10.0; Win64; x64) AppleWebKit/537.36 (KHTML, like Gecko) electron/1.0.0 Chrome/130.0.6723.170 Electron/33.3.1 Safari/537.36"
::1 - - [24/Apr/2025:20:22:51 +0000] "GET /read-products?name=&segment=&supplier=&status=false HTTP/1.1" 400 53 "http://localhost:3000/" "Mozilla/5.0 (Windows NT 10.0; Win64; x64) AppleWebKit/537.36 (KHTML, like Gecko) electron/1.0.0 Chrome/130.0.6723.170 Electron/33.3.1 Safari/537.36"
::1 - - [24/Apr/2025:20:22:53 +0000] "GET /read-products?name=&segment=&supplier=&status=false HTTP/1.1" 400 53 "http://localhost:3000/" "Mozilla/5.0 (Windows NT 10.0; Win64; x64) AppleWebKit/537.36 (KHTML, like Gecko) electron/1.0.0 Chrome/130.0.6723.170 Electron/33.3.1 Safari/537.36"
::1 - - [24/Apr/2025:20:22:54 +0000] "GET /read-products?name=&segment=&supplier=&status=false HTTP/1.1" 400 53 "http://localhost:3000/" "Mozilla/5.0 (Windows NT 10.0; Win64; x64) AppleWebKit/537.36 (KHTML, like Gecko) electron/1.0.0 Chrome/130.0.6723.170 Electron/33.3.1 Safari/537.36"
::1 - - [24/Apr/2025:20:23:02 +0000] "GET /read-products?name=&segment=&supplier=&status=false HTTP/1.1" 400 53 "http://localhost:3000/" "Mozilla/5.0 (Windows NT 10.0; Win64; x64) AppleWebKit/537.36 (KHTML, like Gecko) electron/1.0.0 Chrome/130.0.6723.170 Electron/33.3.1 Safari/537.36"
::1 - - [24/Apr/2025:20:28:46 +0000] "GET /read-products?name=&segment=&supplier=&status=false HTTP/1.1" 400 53 "http://localhost:3000/" "Mozilla/5.0 (Windows NT 10.0; Win64; x64) AppleWebKit/537.36 (KHTML, like Gecko) electron/1.0.0 Chrome/130.0.6723.170 Electron/33.3.1 Safari/537.36"
::1 - - [24/Apr/2025:20:28:50 +0000] "GET /read-products?name=&segment=&supplier=&status=false HTTP/1.1" 400 53 "http://localhost:3000/" "Mozilla/5.0 (Windows NT 10.0; Win64; x64) AppleWebKit/537.36 (KHTML, like Gecko) electron/1.0.0 Chrome/130.0.6723.170 Electron/33.3.1 Safari/537.36"
::1 - - [24/Apr/2025:20:29:57 +0000] "GET /read-products?name=&segment=&supplier=&status=true HTTP/1.1" 400 53 "http://localhost:3000/" "Mozilla/5.0 (Windows NT 10.0; Win64; x64) AppleWebKit/537.36 (KHTML, like Gecko) electron/1.0.0 Chrome/130.0.6723.170 Electron/33.3.1 Safari/537.36"
::1 - - [24/Apr/2025:20:31:47 +0000] "GET /read-products?status=false HTTP/1.1" 400 53 "-" "Apidog/1.0.0 (https://apidog.com)"
::1 - - [24/Apr/2025:20:31:51 +0000] "GET /read-products?status=1 HTTP/1.1" 500 38 "-" "Apidog/1.0.0 (https://apidog.com)"
::1 - - [24/Apr/2025:20:35:43 +0000] "GET /read-products?status=true HTTP/1.1" 400 53 "-" "Apidog/1.0.0 (https://apidog.com)"
::1 - - [24/Apr/2025:20:35:55 +0000] "GET /read-products?status=%22true%22 HTTP/1.1" 400 53 "-" "Apidog/1.0.0 (https://apidog.com)"
::1 - - [24/Apr/2025:20:37:07 +0000] "GET /read-products?status=%22true%22 HTTP/1.1" 200 66148 "-" "Apidog/1.0.0 (https://apidog.com)"
::1 - - [24/Apr/2025:20:37:15 +0000] "GET /read-products?name=&segment=&supplier=&status=false HTTP/1.1" 200 66148 "http://localhost:3000/" "Mozilla/5.0 (Windows NT 10.0; Win64; x64) AppleWebKit/537.36 (KHTML, like Gecko) electron/1.0.0 Chrome/130.0.6723.170 Electron/33.3.1 Safari/537.36"
::1 - - [24/Apr/2025:20:37:21 +0000] "GET /read-products?name=&segment=&supplier=&status=true HTTP/1.1" 200 66148 "http://localhost:3000/" "Mozilla/5.0 (Windows NT 10.0; Win64; x64) AppleWebKit/537.36 (KHTML, like Gecko) electron/1.0.0 Chrome/130.0.6723.170 Electron/33.3.1 Safari/537.36"
